0 info it worked if it ends with ok
1 verbose cli [ '/usr/local/bin/node', '/usr/local/bin/npm', 'install' ]
2 info using npm@3.3.12
3 info using node@v5.3.0
4 silly loadCurrentTree Starting
5 silly install loadCurrentTree
6 silly install readLocalPackageData
7 silly install normalizeTree
8 silly loadCurrentTree Finishing
9 silly loadIdealTree Starting
10 silly install loadIdealTree
11 silly cloneCurrentTree Starting
12 silly install cloneCurrentTreeToIdealTree
13 silly cloneCurrentTree Finishing
14 silly loadShrinkwrap Starting
15 silly install loadShrinkwrap
16 silly loadShrinkwrap Finishing
17 silly loadAllDepsIntoIdealTree Starting
18 silly install loadAllDepsIntoIdealTree
19 silly fetchNamedPackageData @ali/lib-appear
20 silly mapToRegistry name @ali/lib-appear
21 silly mapToRegistry scope (from package name) @ali
22 verbose mapToRegistry no registry URL found in name for scope @ali
23 silly mapToRegistry using default registry
24 silly mapToRegistry registry https://registry.npmjs.org/
25 silly mapToRegistry uri https://registry.npmjs.org/@ali%2flib-appear
26 silly fetchNamedPackageData @ali/lib-img-core
27 silly mapToRegistry name @ali/lib-img-core
28 silly mapToRegistry scope (from package name) @ali
29 verbose mapToRegistry no registry URL found in name for scope @ali
30 silly mapToRegistry using default registry
31 silly mapToRegistry registry https://registry.npmjs.org/
32 silly mapToRegistry uri https://registry.npmjs.org/@ali%2flib-img-core
33 verbose request uri https://registry.npmjs.org/@ali%2flib-appear
34 verbose request no auth needed
35 info attempt registry request try #1 at 16:29:54
36 verbose request id a30a6a4fd6a3572e
37 http request GET https://registry.npmjs.org/@ali%2flib-appear
38 verbose request uri https://registry.npmjs.org/@ali%2flib-img-core
39 verbose request no auth needed
40 info attempt registry request try #1 at 16:29:54
41 http request GET https://registry.npmjs.org/@ali%2flib-img-core
42 http 404 https://registry.npmjs.org/@ali%2flib-img-core
43 verbose headers { 'content-type': 'application/json',
43 verbose headers   'cache-control': 'max-age=0',
43 verbose headers   'content-length': '21',
43 verbose headers   'accept-ranges': 'bytes',
43 verbose headers   date: 'Fri, 29 Jan 2016 08:29:55 GMT',
43 verbose headers   via: '1.1 varnish',
43 verbose headers   age: '0',
43 verbose headers   connection: 'keep-alive',
43 verbose headers   'x-served-by': 'cache-lcy1135-LCY',
43 verbose headers   'x-cache': 'MISS',
43 verbose headers   'x-cache-hits': '0',
43 verbose headers   'x-timer': 'S1454056195.545742,VS0,VE178' }
44 silly get cb [ 404,
44 silly get   { 'content-type': 'application/json',
44 silly get     'cache-control': 'max-age=0',
44 silly get     'content-length': '21',
44 silly get     'accept-ranges': 'bytes',
44 silly get     date: 'Fri, 29 Jan 2016 08:29:55 GMT',
44 silly get     via: '1.1 varnish',
44 silly get     age: '0',
44 silly get     connection: 'keep-alive',
44 silly get     'x-served-by': 'cache-lcy1135-LCY',
44 silly get     'x-cache': 'MISS',
44 silly get     'x-cache-hits': '0',
44 silly get     'x-timer': 'S1454056195.545742,VS0,VE178' } ]
45 silly fetchPackageMetaData Error: Not found : @ali/lib-img-core
45 silly fetchPackageMetaData     at makeError (/usr/local/lib/node_modules/npm/node_modules/npm-registry-client/lib/request.js:264:12)
45 silly fetchPackageMetaData     at CachingRegistryClient.<anonymous> (/usr/local/lib/node_modules/npm/node_modules/npm-registry-client/lib/request.js:252:14)
45 silly fetchPackageMetaData     at Request._callback (/usr/local/lib/node_modules/npm/node_modules/npm-registry-client/lib/request.js:172:14)
45 silly fetchPackageMetaData     at Request.self.callback (/usr/local/lib/node_modules/npm/node_modules/request/request.js:198:22)
45 silly fetchPackageMetaData     at emitTwo (events.js:87:13)
45 silly fetchPackageMetaData     at Request.emit (events.js:172:7)
45 silly fetchPackageMetaData     at Request.<anonymous> (/usr/local/lib/node_modules/npm/node_modules/request/request.js:1082:10)
45 silly fetchPackageMetaData     at emitOne (events.js:82:20)
45 silly fetchPackageMetaData     at Request.emit (events.js:169:7)
45 silly fetchPackageMetaData     at IncomingMessage.<anonymous> (/usr/local/lib/node_modules/npm/node_modules/request/request.js:1009:12)
45 silly fetchPackageMetaData  error for @ali/lib-img-core@0.0.6 { [Error: Not found : @ali/lib-img-core] pkgid: '@ali/lib-img-core', statusCode: 404, code: 'E404' }
46 http 404 https://registry.npmjs.org/@ali%2flib-appear
47 verbose headers { 'content-type': 'application/json',
47 verbose headers   'cache-control': 'max-age=0',
47 verbose headers   'content-length': '21',
47 verbose headers   'accept-ranges': 'bytes',
47 verbose headers   date: 'Fri, 29 Jan 2016 08:29:56 GMT',
47 verbose headers   via: '1.1 varnish',
47 verbose headers   age: '0',
47 verbose headers   connection: 'keep-alive',
47 verbose headers   'x-served-by': 'cache-lcy1135-LCY',
47 verbose headers   'x-cache': 'MISS',
47 verbose headers   'x-cache-hits': '0',
47 verbose headers   'x-timer': 'S1454056195.853128,VS0,VE361' }
48 silly get cb [ 404,
48 silly get   { 'content-type': 'application/json',
48 silly get     'cache-control': 'max-age=0',
48 silly get     'content-length': '21',
48 silly get     'accept-ranges': 'bytes',
48 silly get     date: 'Fri, 29 Jan 2016 08:29:56 GMT',
48 silly get     via: '1.1 varnish',
48 silly get     age: '0',
48 silly get     connection: 'keep-alive',
48 silly get     'x-served-by': 'cache-lcy1135-LCY',
48 silly get     'x-cache': 'MISS',
48 silly get     'x-cache-hits': '0',
48 silly get     'x-timer': 'S1454056195.853128,VS0,VE361' } ]
49 silly fetchPackageMetaData Error: Not found : @ali/lib-appear
49 silly fetchPackageMetaData     at makeError (/usr/local/lib/node_modules/npm/node_modules/npm-registry-client/lib/request.js:264:12)
49 silly fetchPackageMetaData     at CachingRegistryClient.<anonymous> (/usr/local/lib/node_modules/npm/node_modules/npm-registry-client/lib/request.js:252:14)
49 silly fetchPackageMetaData     at Request._callback (/usr/local/lib/node_modules/npm/node_modules/npm-registry-client/lib/request.js:172:14)
49 silly fetchPackageMetaData     at Request.self.callback (/usr/local/lib/node_modules/npm/node_modules/request/request.js:198:22)
49 silly fetchPackageMetaData     at emitTwo (events.js:87:13)
49 silly fetchPackageMetaData     at Request.emit (events.js:172:7)
49 silly fetchPackageMetaData     at Request.<anonymous> (/usr/local/lib/node_modules/npm/node_modules/request/request.js:1082:10)
49 silly fetchPackageMetaData     at emitOne (events.js:82:20)
49 silly fetchPackageMetaData     at Request.emit (events.js:169:7)
49 silly fetchPackageMetaData     at IncomingMessage.<anonymous> (/usr/local/lib/node_modules/npm/node_modules/request/request.js:1009:12)
49 silly fetchPackageMetaData  error for @ali/lib-appear@0.0.1 { [Error: Not found : @ali/lib-appear] pkgid: '@ali/lib-appear', statusCode: 404, code: 'E404' }
50 silly rollbackFailedOptional Starting
51 silly rollbackFailedOptional Finishing
52 silly runTopLevelLifecycles Starting
53 silly runTopLevelLifecycles Finishing
54 silly install printInstalled
55 verbose stack Error: Not found : @ali/lib-img-core
55 verbose stack     at makeError (/usr/local/lib/node_modules/npm/node_modules/npm-registry-client/lib/request.js:264:12)
55 verbose stack     at CachingRegistryClient.<anonymous> (/usr/local/lib/node_modules/npm/node_modules/npm-registry-client/lib/request.js:252:14)
55 verbose stack     at Request._callback (/usr/local/lib/node_modules/npm/node_modules/npm-registry-client/lib/request.js:172:14)
55 verbose stack     at Request.self.callback (/usr/local/lib/node_modules/npm/node_modules/request/request.js:198:22)
55 verbose stack     at emitTwo (events.js:87:13)
55 verbose stack     at Request.emit (events.js:172:7)
55 verbose stack     at Request.<anonymous> (/usr/local/lib/node_modules/npm/node_modules/request/request.js:1082:10)
55 verbose stack     at emitOne (events.js:82:20)
55 verbose stack     at Request.emit (events.js:169:7)
55 verbose stack     at IncomingMessage.<anonymous> (/usr/local/lib/node_modules/npm/node_modules/request/request.js:1009:12)
56 verbose statusCode 404
57 verbose pkgid @ali/lib-img-core
58 verbose cwd /Users/tancy/lib-img/gitbook
59 error Darwin 15.4.0
60 error argv "/usr/local/bin/node" "/usr/local/bin/npm" "install"
61 error node v5.3.0
62 error npm  v3.3.12
63 error code E404
64 error 404 Not found : @ali/lib-img-core
64 error 404
64 error 404 '@ali/lib-img-core' is not in the npm registry.
64 error 404 You should bug the author to publish it (or use the name yourself!)
64 error 404 It was specified as a dependency of '@ali/lib-img-new'
64 error 404
64 error 404 Note that you can also install from a
64 error 404 tarball, folder, http url, or git url.
65 verbose exit [ 1, true ]
